  Building Custom Rule C:/VTK/Examples/Tutorial/Visualisierung_2/Cxx/CMakeLists.txt
  CMake is re-running because C:\VTK\build\Examples\Tutorial\Visualisierung_2\Cxx\CMakeFiles\generate.stamp dependency file is missing.
  -- Group StandAlone modules: vtkChartsCore;vtkCommonComputationalGeometry;vtkCommonCore;vtkCommonExecutionModel;vtkCommonMisc;vtkCommonSystem;vtkCommonTransforms;vtkDomainsChemistry;vtkFiltersAMR;vtkFiltersCore;vtkFiltersExtraction;vtkFiltersFlowPaths;vtkFiltersGeneral;vtkFiltersGeneric;vtkFiltersGeometry;vtkFiltersHybrid;vtkFiltersHyperTree;vtkFiltersImaging;vtkFiltersModeling;vtkFiltersParallel;vtkFiltersParallelImaging;vtkFiltersProgrammable;vtkFiltersPython;vtkFiltersSelection;vtkFiltersSMP;vtkFiltersSources;vtkFiltersStatistics;vtkFiltersTexture;vtkFiltersVerdict;vtkImagingColor;vtkImagingCore;vtkImagingFourier;vtkImagingGeneral;vtkImagingHybrid;vtkImagingMath;vtkImagingMorphological;vtkImagingSources;vtkImagingStatistics;vtkImagingStencil;vtkInfovisCore;vtkInfovisLayout;vtkIOAMR;vtkIOCore;vtkIOEnSight;vtkIOExodus;vtkIOGeometry;vtkIOImage;vtkIOImport;vtkIOInfovis;vtkIOLegacy;vtkIOLSDyna;vtkIOMINC;vtkIOMovie;vtkIONetCDF;vtkIOParallel;vtkIOParallelXML;vtkIOPLY;vtkIOSQL;vtkIOVideo;vtkIOXML;vtkIOXMLParser;vtkParallelCore
  -- Group Imaging modules: vtkFiltersImaging;vtkImagingColor;vtkImagingFourier;vtkImagingGeneral;vtkImagingHybrid;vtkImagingMath;vtkImagingMorphological;vtkImagingSources;vtkImagingStatistics;vtkImagingStencil;vtkInteractionImage;vtkRenderingImage
  -- Group MPI modules: vtkFiltersParallelGeometry;vtkFiltersParallelMPI;vtkIOMPIImage;vtkIOMPIParallel;vtkIOParallelNetCDF;vtkParallelMPI;vtkParallelMPI4Py
  -- Group Rendering modules: vtkGeovisCore;vtkInteractionImage;vtkInteractionStyle;vtkInteractionWidgets;vtkIOExport;vtkRenderingAnnotation;vtkRenderingContext2D;vtkRenderingCore;vtkRenderingFreeType;vtkRenderingImage;vtkRenderingLabel;vtkRenderingLOD;vtkRenderingVolume;vtkViewsContext2D;vtkViewsCore;vtkViewsInfovis
  -- Group Qt modules: vtkGUISupportQt;vtkGUISupportQtSQL;vtkRenderingQt;vtkViewsQt
  -- Group Tk modules: vtkRenderingTk
  -- Group Views modules: vtkViewsContext2D;vtkViewsGeovis
  -- Group Web modules: vtkWebApplications;vtkWebCore;vtkWebInstall;vtkWebJavaScript;vtkWebPython;vtkWebGLExporter
  -- Backend OpenGL2 modules: vtkDomainsChemistryOpenGL2;vtkRenderingContextOpenGL2;vtkRenderingLICOpenGL2;vtkRenderingOpenGL2;vtkRenderingVolumeOpenGL2
  -- Enabling modules for OpenGL2.
  -- Backend OpenGL modules: vtkRenderingContextOpenGL;vtkRenderingGL2PS;vtkRenderingLIC;vtkRenderingOpenGL;vtkRenderingVolumeOpenGL
  -- Enabled 116 modules:
  --  * vtkChartsCore, needed by 2 modules:
          VTK_Group_StandAlone
          vtkViewsInfovis
  --  * vtkCommonColor, needed by 3 modules:
          vtkChartsCore
          vtkRenderingCore
          vtkViewsInfovis
  --  * vtkCommonComputationalGeometry, needed by 5 modules:
          VTK_Group_StandAlone
          vtkFiltersGeneral
          vtkFiltersSelection
          vtkFiltersSources
          vtkImagingStencil
  --  * vtkCommonCore, needed by 10 modules:
          VTK_Group_StandAlone
          vtkCommonMath
          vtkCommonSystem
          vtkCommonTransforms
          vtkIOExport
          vtkIOImport
          vtkParallelCore
          vtkWrappingPythonCore
          vtkWrappingTcl
          vtkWrappingTools
  --  * vtkCommonDataModel, needed by 17 modules:
          vtkCommonColor
          vtkCommonComputationalGeometry
          vtkCommonExecutionModel
          vtkDomainsChemistry
          vtkFiltersExtraction
          vtkIOCore
          vtkIOGeometry
          vtkIOImage
          vtkIOInfovis
          vtkIOLegacy
          vtkIOMovie
          vtkIONetCDF
          vtkIOXMLParser
          vtkImagingCore
          vtkImagingMath
          vtkInfovisCore
          vtkRenderingContext2D
  --  * vtkCommonExecutionModel, needed by 22 modules:
          VTK_Group_StandAlone
          vtkFiltersCore
          vtkFiltersExtraction
          vtkFiltersFlowPaths
          vtkFiltersProgrammable
          vtkFiltersPython
          vtkFiltersStatistics
          vtkFiltersVerdict
          vtkGUISupportQt
          vtkIOCore
          vtkIOEnSight
          vtkIOImage
          vtkIOLSDyna
          vtkIOMINC
          vtkIOMovie
          vtkIOPLY
          vtkIOVideo
          vtkImagingCore
          vtkImagingMath
          vtkInfovisLayout
          vtkRenderingCore
          vtkRenderingOpenGL2
  --  * vtkCommonMath, needed by 9 modules:
          vtkCommonComputationalGeometry
          vtkCommonDataModel
          vtkCommonMisc
          vtkCommonTransforms
          vtkFiltersCore
          vtkFiltersStatistics
          vtkIOImage
          vtkImagingCore
          vtkRenderingContext2D
  --  * vtkCommonMisc, needed by 12 modules:
          VTK_Group_StandAlone
          vtkCommonDataModel
          vtkCommonExecutionModel
          vtkFiltersCore
          vtkFiltersStatistics
          vtkIOCore
          vtkIOGeometry
          vtkIOImage
          vtkIOInfovis
          vtkIOLegacy
          vtkIOPLY
          vtkIOXMLParser
  --  * vtkCommonSystem, needed by 13 modules:
          VTK_Group_StandAlone
          vtkCommonComputationalGeometry
          vtkCommonDataModel
          vtkFiltersCore
          vtkIOGeometry
          vtkIOImage
          vtkIOInfovis
          vtkIOLegacy
          vtkIOMovie
          vtkIONetCDF
          vtkIOXMLParser
          vtkImagingCore
          vtkInfovisCore
  --  * vtkCommonTransforms, needed by 8 modules:
          VTK_Group_StandAlone
          vtkCommonDataModel
          vtkFiltersCore
          vtkFiltersStatistics
          vtkIOImage
          vtkImagingCore
          vtkRenderingContext2D
          vtkRenderingCore
  --  * vtkDICOMParser, needed by vtkIOImage.
  --  * vtkDomainsChemistry, needed by 2 modules:
          VTK_Group_StandAlone
          vtkDomainsChemistryOpenGL2
  --  * vtkDomainsChemistryOpenGL2, needed by vtkDomainsChemistry.
  --  * vtkFiltersAMR, needed by 2 modules:
          VTK_Group_StandAlone
          vtkIOAMR
  --  * vtkFiltersCore, needed by 7 modules:
          VTK_Group_StandAlone
          vtkFiltersExtraction
          vtkFiltersGeneral
          vtkFiltersGeneric
          vtkFiltersGeometry
          vtkFiltersSMP
          vtkFiltersSelection
  --  * vtkFiltersExtraction, needed by 7 modules:
          VTK_Group_StandAlone
          vtkFiltersParallel
          vtkGUISupportQt
          vtkInfovisCore
          vtkInteractionStyle
          vtkRenderingCore
          vtkRenderingLabel
  --  * vtkFiltersFlowPaths, needed by VTK_Group_StandAlone.
  --  * vtkFiltersGeneral, needed by 13 modules:
          VTK_Group_StandAlone
          vtkFiltersAMR
          vtkFiltersExtraction
          vtkFiltersFlowPaths
          vtkFiltersHybrid
          vtkFiltersHyperTree
          vtkFiltersModeling
          vtkFiltersSMP
          vtkFiltersSources
          vtkFiltersTexture
          vtkIOExodus
          vtkInfovisCore
          vtkRenderingVolumeOpenGL2
  --  * vtkFiltersGeneric, needed by VTK_Group_StandAlone.
  --  * vtkFiltersGeometry, needed by 5 modules:
          VTK_Group_StandAlone
          vtkFiltersParallel
          vtkIOExport
          vtkRenderingCore
          vtkViewsInfovis
  --  * vtkFiltersHybrid, needed by 3 modules:
          VTK_Group_StandAlone
          vtkIOMINC
          vtkInteractionWidgets
  --  * vtkFiltersHyperTree, needed by VTK_Group_StandAlone.
  --  * vtkFiltersImaging, needed by 3 modules:
          VTK_Group_StandAlone
          vtkFiltersParallelImaging
          vtkViewsInfovis
  --  * vtkFiltersModeling, needed by 6 modules:
          VTK_Group_StandAlone
          vtkFiltersParallel
          vtkInfovisLayout
          vtkInteractionWidgets
          vtkRenderingLOD
          vtkViewsInfovis
  --  * vtkFiltersParallel, needed by 3 modules:
          VTK_Group_StandAlone
          vtkFiltersParallelImaging
          vtkIOParallel
  --  * vtkFiltersParallelImaging, needed by VTK_Group_StandAlone.
  --  * vtkFiltersProgrammable, needed by VTK_Group_StandAlone.
  --  * vtkFiltersPython, needed by VTK_Group_StandAlone.
  --  * vtkFiltersSMP, needed by VTK_Group_StandAlone.
  --  * vtkFiltersSelection, needed by VTK_Group_StandAlone.
  --  * vtkFiltersSources, needed by 11 modules:
          VTK_Group_StandAlone
          vtkDomainsChemistry
          vtkFiltersFlowPaths
          vtkFiltersGeneric
          vtkFiltersModeling
          vtkIOImport
          vtkInteractionStyle
          vtkRenderingAnnotation
          vtkRenderingCore
          vtkRenderingQt
          vtkRenderingVolumeOpenGL2
  --  * vtkFiltersStatistics, needed by 3 modules:
          VTK_Group_StandAlone
          vtkFiltersExtraction
          vtkFiltersImaging
  --  * vtkFiltersTexture, needed by 2 modules:
          VTK_Group_StandAlone
          vtkRenderingQt
  --  * vtkFiltersVerdict, needed by VTK_Group_StandAlone.
  --  * vtkGUISupportQt, needed by 3 modules:
          VTK_Group_Qt
          vtkRenderingQt
          vtkViewsQt
  --  * vtkGUISupportQtSQL, needed by VTK_Group_Qt.
  --  * vtkGeovisCore, needed by VTK_Group_Rendering.
  --  * vtkIOAMR, needed by VTK_Group_StandAlone.
  --  * vtkIOCore, needed by 10 modules:
          VTK_Group_StandAlone
          vtkFiltersFlowPaths
          vtkIOGeometry
          vtkIOImage
          vtkIOInfovis
          vtkIOLegacy
          vtkIOMovie
          vtkIONetCDF
          vtkIOSQL
          vtkIOXMLParser
  --  * vtkIOEnSight, needed by VTK_Group_StandAlone.
  --  * vtkIOExodus, needed by VTK_Group_StandAlone.
  --  * vtkIOExport, needed by VTK_Group_Rendering.
  --  * vtkIOGeometry, needed by 4 modules:
          VTK_Group_StandAlone
          vtkIOMINC
          vtkIOPLY
          vtkIOXML
  --  * vtkIOImage, needed by 6 modules:
          VTK_Group_StandAlone
          vtkIOExport
          vtkIOImport
          vtkIOMINC
          vtkIOParallel
          vtkImagingHybrid
  --  * vtkIOImport, needed by VTK_Group_StandAlone.
  --  * vtkIOInfovis, needed by VTK_Group_StandAlone.
  --  * vtkIOLSDyna, needed by VTK_Group_StandAlone.
  --  * vtkIOLegacy, needed by 4 modules:
          VTK_Group_StandAlone
          vtkFiltersParallelImaging
          vtkIOInfovis
          vtkParallelCore
  --  * vtkIOMINC, needed by VTK_Group_StandAlone.
  --  * vtkIOMovie, needed by VTK_Group_StandAlone.
  --  * vtkIONetCDF, needed by 2 modules:
          VTK_Group_StandAlone
          vtkIOParallel
  --  * vtkIOPLY, needed by VTK_Group_StandAlone.
  --  * vtkIOParallel, needed by VTK_Group_StandAlone.
  --  * vtkIOParallelXML, needed by VTK_Group_StandAlone.
  --  * vtkIOSQL, needed by 2 modules:
          VTK_Group_StandAlone
          vtkGUISupportQtSQL
  --  * vtkIOVideo, needed by VTK_Group_StandAlone.
  --  * vtkIOXML, needed by 8 modules:
          VTK_Group_StandAlone
          vtkDomainsChemistry
          vtkGeovisCore
          vtkIOExodus
          vtkIOInfovis
          vtkIOLSDyna
          vtkIOParallel
          vtkIOParallelXML
  --  * vtkIOXMLParser, needed by 2 modules:
          VTK_Group_StandAlone
          vtkIOXML
  --  * vtkImagingColor, needed by 3 modules:
          VTK_Group_StandAlone
          vtkInteractionImage
          vtkRenderingAnnotation
  --  * vtkImagingCore, needed by 13 modules:
          VTK_Group_StandAlone
          vtkFiltersParallelImaging
          vtkGUISupportQt
          vtkIOExport
          vtkImagingColor
          vtkImagingFourier
          vtkImagingHybrid
          vtkImagingMorphological
          vtkImagingSources
          vtkImagingStatistics
          vtkImagingStencil
          vtkRenderingImage
          vtkRenderingVolume
  --  * vtkImagingFourier, needed by 2 modules:
          VTK_Group_StandAlone
          vtkFiltersStatistics
  --  * vtkImagingGeneral, needed by 4 modules:
          VTK_Group_StandAlone
          vtkFiltersImaging
          vtkImagingMorphological
          vtkInteractionWidgets
  --  * vtkImagingHybrid, needed by 4 modules:
          VTK_Group_StandAlone
          vtkInfovisLayout
          vtkInteractionWidgets
          vtkRenderingOpenGL2
  --  * vtkImagingMath, needed by VTK_Group_StandAlone.
  --  * vtkImagingMorphological, needed by VTK_Group_StandAlone.
  --  * vtkImagingSources, needed by 4 modules:
          VTK_Group_StandAlone
          vtkFiltersHybrid
          vtkFiltersImaging
          vtkImagingGeneral
  --  * vtkImagingStatistics, needed by VTK_Group_StandAlone.
  --  * vtkImagingStencil, needed by VTK_Group_StandAlone.
  --  * vtkInfovisCore, needed by 4 modules:
          VTK_Group_StandAlone
          vtkChartsCore
          vtkIOInfovis
          vtkInfovisLayout
  --  * vtkInfovisLayout, needed by 3 modules:
          VTK_Group_StandAlone
          vtkGeovisCore
          vtkViewsInfovis
  --  * vtkInteractionImage, needed by 2 modules:
          VTK_Group_Rendering
          vtkRenderingTk
  --  * vtkInteractionStyle, needed by 7 modules:
          VTK_Group_Rendering
          vtkGUISupportQt
          vtkGeovisCore
          vtkInteractionImage
          vtkInteractionWidgets
          vtkRenderingTk
          vtkViewsInfovis
  --  * vtkInteractionWidgets, needed by 4 modules:
          VTK_Group_Rendering
          vtkGeovisCore
          vtkInteractionImage
          vtkViewsCore
  --  * vtkMetaIO, needed by vtkIOImage.
  --  * vtkParallelCore, needed by 7 modules:
          VTK_Group_StandAlone
          vtkFiltersAMR
          vtkFiltersParallel
          vtkFiltersParallelImaging
          vtkIOAMR
          vtkIOParallel
          vtkIOParallelXML
  --  * vtkPython, needed by 2 modules:
          vtkFiltersPython
          vtkWrappingPythonCore
  --  * vtkRenderingAnnotation, needed by 3 modules:
          VTK_Group_Rendering
          vtkIOExport
          vtkInteractionWidgets
  --  * vtkRenderingContext2D, needed by 6 modules:
          VTK_Group_Rendering
          vtkChartsCore
          vtkIOExport
          vtkRenderingContextOpenGL2
          vtkViewsContext2D
          vtkViewsInfovis
  --  * vtkRenderingContextOpenGL2, needed by vtkRenderingContext2D.
  --  * vtkRenderingCore, needed by 18 modules:
          VTK_Group_Rendering
          vtkDomainsChemistry
          vtkFiltersHybrid
          vtkFiltersParallel
          vtkGeovisCore
          vtkIOExport
          vtkIOImport
          vtkIOMINC
          vtkInteractionImage
          vtkInteractionStyle
          vtkRenderingContext2D
          vtkRenderingFreeType
          vtkRenderingFreeType
          vtkRenderingImage
          vtkRenderingLOD
          vtkRenderingOpenGL2
          vtkRenderingVolume
          vtkViewsCore
  --  * vtkRenderingFreeType, needed by 8 modules:
          VTK_Group_Rendering
          vtkIOExport
          vtkInteractionImage
          vtkInteractionWidgets
          vtkRenderingAnnotation
          vtkRenderingContext2D
          vtkRenderingContextOpenGL2
          vtkRenderingLabel
  --  * vtkRenderingImage, needed by VTK_Group_Rendering.
  --  * vtkRenderingLOD, needed by VTK_Group_Rendering.
  --  * vtkRenderingLabel, needed by 4 modules:
          VTK_Group_Rendering
          vtkIOExport
          vtkRenderingQt
          vtkViewsInfovis
  --  * vtkRenderingOpenGL2, needed by 7 modules:
          vtkDomainsChemistryOpenGL2
          vtkGUISupportQt
          vtkIOExport
          vtkRenderingContextOpenGL2
          vtkRenderingCore
          vtkRenderingTk
          vtkRenderingVolumeOpenGL2
  --  * vtkRenderingQt, needed by VTK_Group_Qt.
  --  * vtkRenderingTk, needed by VTK_Group_Tk.
  --  * vtkRenderingVolume, needed by 4 modules:
          VTK_Group_Rendering
          vtkInteractionWidgets
          vtkRenderingVolumeOpenGL2
          vtkRenderingVolumeOpenGL2
  --  * vtkRenderingVolumeOpenGL2, needed by vtkRenderingVolume.
  --  * vtkTclTk, needed by 2 modules:
          vtkRenderingTk
          vtkWrappingTcl
  --  * vtkUtilitiesEncodeString, needed by vtkRenderingOpenGL2.
  --  * vtkUtilitiesHashSource, needed by vtkParallelCore.
  --  * vtkViewsContext2D, needed by VTK_Group_Rendering.
  --  * vtkViewsCore, needed by 4 modules:
          VTK_Group_Rendering
          vtkGeovisCore
          vtkViewsContext2D
          vtkViewsInfovis
  --  * vtkViewsInfovis, needed by 2 modules:
          VTK_Group_Rendering
          vtkViewsQt
  --  * vtkViewsQt, needed by VTK_Group_Qt.
  --  * vtkWrappingTcl, requested by Module_vtkWrappingTcl.
  --  * vtkWrappingTools, needed by 2 modules:
          vtkWrappingPythonCore
          vtkWrappingTcl
  --  * vtkalglib, needed by vtkFiltersStatistics.
  --  * vtkexodusII, needed by 2 modules:
          vtkIOExodus
          vtkIOParallel
  --  * vtkexpat, needed by vtkIOXMLParser.
  --  * vtkfreetype, needed by vtkRenderingFreeType.
  --  * vtkglew, needed by 4 modules:
          vtkDomainsChemistryOpenGL2
          vtkRenderingContextOpenGL2
          vtkRenderingOpenGL2
          vtkRenderingVolumeOpenGL2
  --  * vtkhdf5, needed by 2 modules:
          vtkIOAMR
          vtknetcdf
  --  * vtkjpeg, needed by 2 modules:
          vtkIOImage
          vtktiff
  --  * vtkjsoncpp, needed by vtkIOParallel.
  --  * vtklibproj4, needed by vtkGeovisCore.
  --  * vtklibxml2, needed by vtkIOInfovis.
  --  * vtknetcdf, needed by 4 modules:
          vtkIOMINC
          vtkIONetCDF
          vtkIOParallel
          vtkexodusII
  --  * vtkoggtheora, needed by vtkIOMovie.
  --  * vtkpng, needed by vtkIOImage.
  --  * vtksqlite, needed by vtkIOSQL.
  --  * vtksys, needed by 31 modules:
          vtkChartsCore
          vtkCommonCore
          vtkCommonDataModel
          vtkCommonSystem
          vtkDICOMParser
          vtkGUISupportQtSQL
          vtkIOAMR
          vtkIOCore
          vtkIOExodus
          vtkIOGeometry
          vtkIOImage
          vtkIOImport
          vtkIOInfovis
          vtkIOLSDyna
          vtkIOLegacy
          vtkIOMINC
          vtkIONetCDF
          vtkIOParallel
          vtkIOParallelXML
          vtkIOSQL
          vtkIOVideo
          vtkIOXML
          vtkImagingFourier
          vtkParallelCore
          vtkRenderingCore
          vtkRenderingOpenGL2
          vtkRenderingVolumeOpenGL2
          vtkUtilitiesHashSource
          vtkWrappingPythonCore
          vtkWrappingTcl
          vtkWrappingTools
  --  * vtktiff, needed by vtkIOImage.
  --  * vtkverdict, needed by vtkFiltersVerdict.
  --  * vtkzlib, needed by 9 modules:
          vtkIOCore
          vtkIOGeometry
          vtkIOImage
          vtkMetaIO
          vtkfreetype
          vtkhdf5
          vtklibxml2
          vtkpng
          vtktiff
  -- HDF5: SOVERSION: 8.0.2
  -- HDF5: Performing Other Test STDC_HEADERS - Success
  -- HDF5: Performing CXX Test OLD_HEADER_FILENAME - Failed
  -- HDF5: Performing CXX Test H5_NO_NAMESPACE - Failed
  -- HDF5: Performing CXX Test H5_NO_STD - Failed
  -- HDF5: Performing CXX Test BOOL_NOTDEFINED - Failed
  -- HDF5: Performing CXX Test NO_STATIC_CAST - Failed
  -- HDF5: Checking for InitOnceExecuteOnce:
  -- HDF5: Performing Test InitOnceExecuteOnce - Success
  -- HDF5: Performing Other Test INLINE_TEST_inline - Failed
  -- HDF5: Performing Other Test INLINE_TEST___inline__ - Failed
  -- HDF5: Performing Other Test INLINE_TEST___inline - Success
  -- HDF5: checking IF converting from long double to integers is accurate... yes
  -- HDF5: checking IF accurately converting from integers to long double... yes
  -- HDF5: Checking IF accurately converting unsigned long to float values... yes
  -- HDF5: Checking IF accurately roundup converting floating-point to unsigned long long values... yes
  -- HDF5: Checking IF right maximum converting floating-point to unsigned long long values... yes
  -- HDF5: Checking IF correctly converting long double to unsigned int values... yes
  -- HDF5: Checking IF overflows normally converting floating-point to integer values... yes
  -- HDF5: Checking IF correctly converting long double to (unsigned) long long values... yes
  -- HDF5: Checking IF correctly converting (unsigned) long long to long double values... yes
  -- HDF5: Checking IF alignment restrictions are strictly enforced... yes
  -- HDF5: Filter ZLIB is ON
  -- Could NOT find Gnuplot (missing:  GNUPLOT_EXECUTABLE) 
  -- Could NOT find Wget (missing:  WGET_EXECUTABLE) 
  -- Configuring done
  -- Generating done
  -- Build files have been written to: C:/VTK/build
  ChamferTransform.cxx
..\..\..\..\..\Examples\Tutorial\Visualisierung_2\Cxx\ChamferTransform.cxx(52): warning C4146: unary minus operator applied to unsigned type, result still unsigned
..\..\..\..\..\Examples\Tutorial\Visualisierung_2\Cxx\ChamferTransform.cxx(53): warning C4146: unary minus operator applied to unsigned type, result still unsigned
..\..\..\..\..\Examples\Tutorial\Visualisierung_2\Cxx\ChamferTransform.cxx(57): warning C4146: unary minus operator applied to unsigned type, result still unsigned
..\..\..\..\..\Examples\Tutorial\Visualisierung_2\Cxx\ChamferTransform.cxx(61): warning C4146: unary minus operator applied to unsigned type, result still unsigned
..\..\..\..\..\Examples\Tutorial\Visualisierung_2\Cxx\ChamferTransform.cxx(62): warning C4146: unary minus operator applied to unsigned type, result still unsigned
..\..\..\..\..\Examples\Tutorial\Visualisierung_2\Cxx\ChamferTransform.cxx(64): warning C4146: unary minus operator applied to unsigned type, result still unsigned
..\..\..\..\..\Examples\Tutorial\Visualisierung_2\Cxx\ChamferTransform.cxx(69): warning C4100: 'qy' : unreferenced formal parameter
  Visualisierung_2.vcxproj -> C:\VTK\build\bin\Debug\Visualisierung_2.exe
